TN:
SF:src/services/ChatService.js
FN:2,(anonymous_0)
FN:11,(anonymous_1)
FN:53,(anonymous_2)
FN:81,(anonymous_3)
FN:107,(anonymous_4)
FN:171,(anonymous_5)
FN:183,(anonymous_6)
FN:187,(anonymous_7)
FN:195,(anonymous_8)
FN:199,(anonymous_9)
FN:201,(anonymous_10)
FN:229,(anonymous_11)
FN:231,(anonymous_12)
FN:253,(anonymous_13)
FN:259,(anonymous_14)
FN:267,(anonymous_15)
FN:269,(anonymous_16)
FN:276,(anonymous_17)
FN:286,(anonymous_18)
FN:287,(anonymous_19)
FN:292,(anonymous_20)
FN:298,(anonymous_21)
FN:320,(anonymous_22)
FN:339,(anonymous_23)
FN:358,(anonymous_24)
FN:369,(anonymous_25)
FN:378,(anonymous_26)
FN:415,(anonymous_27)
FN:423,(anonymous_28)
FN:427,(anonymous_29)
FN:430,(anonymous_30)
FN:434,(anonymous_31)
FN:448,(anonymous_32)
FN:462,(anonymous_33)
FNF:34
FNH:1
FNDA:10,(anonymous_0)
FNDA:0,(anonymous_1)
FNDA:0,(anonymous_2)
FNDA:0,(anonymous_3)
FNDA:0,(anonymous_4)
FNDA:0,(anonymous_5)
FNDA:0,(anonymous_6)
FNDA:0,(anonymous_7)
FNDA:0,(anonymous_8)
FNDA:0,(anonymous_9)
FNDA:0,(anonymous_10)
FNDA:0,(anonymous_11)
FNDA:0,(anonymous_12)
FNDA:0,(anonymous_13)
FNDA:0,(anonymous_14)
FNDA:0,(anonymous_15)
FNDA:0,(anonymous_16)
FNDA:0,(anonymous_17)
FNDA:0,(anonymous_18)
FNDA:0,(anonymous_19)
FNDA:0,(anonymous_20)
FNDA:0,(anonymous_21)
FNDA:0,(anonymous_22)
FNDA:0,(anonymous_23)
FNDA:0,(anonymous_24)
FNDA:0,(anonymous_25)
FNDA:0,(anonymous_26)
FNDA:0,(anonymous_27)
FNDA:0,(anonymous_28)
FNDA:0,(anonymous_29)
FNDA:0,(anonymous_30)
FNDA:0,(anonymous_31)
FNDA:0,(anonymous_32)
FNDA:0,(anonymous_33)
DA:3,10
DA:4,10
DA:5,10
DA:6,10
DA:7,10
DA:18,0
DA:20,0
DA:41,0
DA:42,0
DA:45,0
DA:46,0
DA:49,0
DA:54,0
DA:55,0
DA:56,0
DA:59,0
DA:60,0
DA:64,0
DA:65,0
DA:68,0
DA:69,0
DA:71,0
DA:73,0
DA:82,0
DA:83,0
DA:84,0
DA:88,0
DA:89,0
DA:92,0
DA:93,0
DA:94,0
DA:95,0
DA:96,0
DA:100,0
DA:108,0
DA:109,0
DA:110,0
DA:113,0
DA:114,0
DA:122,0
DA:125,0
DA:126,0
DA:127,0
DA:131,0
DA:132,0
DA:133,0
DA:134,0
DA:139,0
DA:153,0
DA:154,0
DA:157,0
DA:158,0
DA:161,0
DA:162,0
DA:164,0
DA:176,0
DA:178,0
DA:179,0
DA:182,0
DA:183,0
DA:186,0
DA:187,0
DA:191,0
DA:192,0
DA:195,0
DA:200,0
DA:201,0
DA:203,0
DA:204,0
DA:207,0
DA:208,0
DA:212,0
DA:213,0
DA:214,0
DA:218,0
DA:219,0
DA:220,0
DA:222,0
DA:230,0
DA:231,0
DA:233,0
DA:234,0
DA:237,0
DA:238,0
DA:242,0
DA:243,0
DA:244,0
DA:246,0
DA:254,0
DA:255,0
DA:256,0
DA:259,0
DA:268,0
DA:269,0
DA:270,0
DA:271,0
DA:280,0
DA:282,0
DA:283,0
DA:285,0
DA:286,0
DA:288,0
DA:289,0
DA:292,0
DA:294,0
DA:299,0
DA:300,0
DA:301,0
DA:304,0
DA:305,0
DA:308,0
DA:313,0
DA:321,0
DA:322,0
DA:323,0
DA:326,0
DA:327,0
DA:330,0
DA:332,0
DA:340,0
DA:341,0
DA:342,0
DA:345,0
DA:346,0
DA:349,0
DA:351,0
DA:359,0
DA:360,0
DA:362,0
DA:363,0
DA:364,0
DA:365,0
DA:369,0
DA:370,0
DA:371,0
DA:374,0
DA:379,0
DA:380,0
DA:383,0
DA:384,0
DA:387,0
DA:388,0
DA:392,0
DA:395,0
DA:398,0
DA:399,0
DA:401,0
DA:404,0
DA:405,0
DA:407,0
DA:409,0
DA:412,0
DA:417,0
DA:424,0
DA:428,0
DA:429,0
DA:430,0
DA:435,0
DA:449,0
DA:463,0
DA:471,0
DA:472,0
DA:475,0
DA:476,0
DA:477,0
DA:480,0
DA:484,0
DA:488,1
LF:168
LH:6
BRDA:11,0,0,0
BRDA:13,1,0,0
BRDA:14,2,0,0
BRDA:15,3,0,0
BRDA:16,4,0,0
BRDA:17,5,0,0
BRDA:45,6,0,0
BRDA:45,6,1,0
BRDA:53,7,0,0
BRDA:55,8,0,0
BRDA:55,8,1,0
BRDA:59,9,0,0
BRDA:59,9,1,0
BRDA:68,10,0,0
BRDA:68,10,1,0
BRDA:83,11,0,0
BRDA:83,11,1,0
BRDA:93,12,0,0
BRDA:93,12,1,0
BRDA:95,13,0,0
BRDA:95,13,1,0
BRDA:109,14,0,0
BRDA:109,14,1,0
BRDA:113,15,0,0
BRDA:113,15,1,0
BRDA:119,16,0,0
BRDA:120,17,0,0
BRDA:121,18,0,0
BRDA:126,19,0,0
BRDA:126,19,1,0
BRDA:131,20,0,0
BRDA:131,20,1,0
BRDA:133,21,0,0
BRDA:133,21,1,0
BRDA:133,22,0,0
BRDA:133,22,1,0
BRDA:153,23,0,0
BRDA:153,23,1,0
BRDA:157,24,0,0
BRDA:157,24,1,0
BRDA:171,25,0,0
BRDA:173,26,0,0
BRDA:174,27,0,0
BRDA:175,28,0,0
BRDA:178,29,0,0
BRDA:178,29,1,0
BRDA:182,30,0,0
BRDA:182,30,1,0
BRDA:186,31,0,0
BRDA:186,31,1,0
BRDA:191,32,0,0
BRDA:191,32,1,0
BRDA:200,33,0,0
BRDA:200,33,1,0
BRDA:203,34,0,0
BRDA:203,34,1,0
BRDA:207,35,0,0
BRDA:207,35,1,0
BRDA:213,36,0,0
BRDA:213,36,1,0
BRDA:229,37,0,0
BRDA:230,38,0,0
BRDA:230,38,1,0
BRDA:233,39,0,0
BRDA:233,39,1,0
BRDA:237,40,0,0
BRDA:237,40,1,0
BRDA:237,41,0,0
BRDA:237,41,1,0
BRDA:255,42,0,0
BRDA:255,42,1,0
BRDA:268,43,0,0
BRDA:268,43,1,0
BRDA:271,44,0,0
BRDA:271,44,1,0
BRDA:276,45,0,0
BRDA:278,46,0,0
BRDA:279,47,0,0
BRDA:282,48,0,0
BRDA:282,48,1,0
BRDA:283,49,0,0
BRDA:283,49,1,0
BRDA:288,50,0,0
BRDA:288,50,1,0
BRDA:300,51,0,0
BRDA:300,51,1,0
BRDA:304,52,0,0
BRDA:304,52,1,0
BRDA:322,53,0,0
BRDA:322,53,1,0
BRDA:326,54,0,0
BRDA:326,54,1,0
BRDA:341,55,0,0
BRDA:341,55,1,0
BRDA:345,56,0,0
BRDA:345,56,1,0
BRDA:358,57,0,0
BRDA:364,58,0,0
BRDA:364,58,1,0
BRDA:364,59,0,0
BRDA:364,59,1,0
BRDA:378,60,0,0
BRDA:379,61,0,0
BRDA:379,61,1,0
BRDA:379,62,0,0
BRDA:379,62,1,0
BRDA:383,63,0,0
BRDA:383,63,1,0
BRDA:387,64,0,0
BRDA:387,64,1,0
BRDA:392,65,0,0
BRDA:392,65,1,0
BRDA:392,65,2,0
BRDA:392,65,3,0
BRDA:398,66,0,0
BRDA:398,66,1,0
BRDA:404,67,0,0
BRDA:404,67,1,0
BRDA:404,68,0,0
BRDA:404,68,1,0
BRDA:428,69,0,0
BRDA:428,69,1,0
BRDA:430,70,0,0
BRDA:430,70,1,0
BRDA:438,71,0,0
BRDA:438,71,1,0
BRDA:477,72,0,0
BRDA:477,72,1,0
BRDA:480,73,0,0
BRDA:480,73,1,0
BRF:130
BRH:0
end_of_record
TN:
SF:src/services/DeckConfigurationService.js
FN:4,(anonymous_0)
FN:10,(anonymous_1)
FN:108,(anonymous_2)
FN:113,(anonymous_3)
FN:118,(anonymous_4)
FN:119,(anonymous_5)
FN:123,(anonymous_6)
FN:147,(anonymous_7)
FN:152,(anonymous_8)
FN:169,(anonymous_9)
FN:175,(anonymous_10)
FN:198,(anonymous_11)
FN:211,(anonymous_12)
FN:231,(anonymous_13)
FN:237,(anonymous_14)
FN:243,(anonymous_15)
FN:254,(anonymous_16)
FN:263,(anonymous_17)
FN:271,(anonymous_18)
FN:272,(anonymous_19)
FN:285,(anonymous_20)
FN:309,(anonymous_21)
FN:311,(anonymous_22)
FN:315,(anonymous_23)
FN:324,(anonymous_24)
FN:335,(anonymous_25)
FN:343,(anonymous_26)
FN:357,(anonymous_27)
FNF:28
FNH:2
FNDA:10,(anonymous_0)
FNDA:10,(anonymous_1)
FNDA:0,(anonymous_2)
FNDA:0,(anonymous_3)
FNDA:0,(anonymous_4)
FNDA:0,(anonymous_5)
FNDA:0,(anonymous_6)
FNDA:0,(anonymous_7)
FNDA:0,(anonymous_8)
FNDA:0,(anonymous_9)
FNDA:0,(anonymous_10)
FNDA:0,(anonymous_11)
FNDA:0,(anonymous_12)
FNDA:0,(anonymous_13)
FNDA:0,(anonymous_14)
FNDA:0,(anonymous_15)
FNDA:0,(anonymous_16)
FNDA:0,(anonymous_17)
FNDA:0,(anonymous_18)
FNDA:0,(anonymous_19)
FNDA:0,(anonymous_20)
FNDA:0,(anonymous_21)
FNDA:0,(anonymous_22)
FNDA:0,(anonymous_23)
FNDA:0,(anonymous_24)
FNDA:0,(anonymous_25)
FNDA:0,(anonymous_26)
FNDA:0,(anonymous_27)
DA:1,1
DA:5,10
DA:6,10
DA:11,10
DA:109,0
DA:114,0
DA:119,0
DA:124,0
DA:125,0
DA:126,0
DA:129,0
DA:142,0
DA:143,0
DA:148,0
DA:153,0
DA:154,0
DA:155,0
DA:158,0
DA:164,0
DA:165,0
DA:170,0
DA:171,0
DA:172,0
DA:175,0
DA:176,0
DA:177,0
DA:181,0
DA:182,0
DA:185,0
DA:186,0
DA:190,0
DA:198,0
DA:199,0
DA:200,0
DA:206,0
DA:207,0
DA:212,0
DA:213,0
DA:214,0
DA:217,0
DA:225,0
DA:226,0
DA:227,0
DA:232,0
DA:233,0
DA:234,0
DA:237,0
DA:238,0
DA:239,0
DA:244,0
DA:245,0
DA:247,0
DA:250,0
DA:255,0
DA:258,0
DA:259,0
DA:263,0
DA:264,0
DA:265,0
DA:266,0
DA:270,0
DA:271,0
DA:272,0
DA:274,0
DA:275,0
DA:278,0
DA:286,0
DA:294,0
DA:295,0
DA:296,0
DA:300,0
DA:301,0
DA:302,0
DA:303,0
DA:304,0
DA:308,0
DA:309,0
DA:311,0
DA:314,0
DA:315,0
DA:316,0
DA:320,0
DA:325,0
DA:326,0
DA:328,0
DA:329,0
DA:330,0
DA:331,0
DA:335,0
DA:336,0
DA:339,0
DA:344,0
DA:345,0
DA:346,0
DA:349,0
DA:359,0
DA:360,0
DA:361,0
DA:364,0
DA:371,0
DA:372,0
DA:376,1
LF:102
LH:5
BRDA:109,0,0,0
BRDA:109,0,1,0
BRDA:123,1,0,0
BRDA:125,2,0,0
BRDA:125,2,1,0
BRDA:148,3,0,0
BRDA:148,3,1,0
BRDA:154,4,0,0
BRDA:154,4,1,0
BRDA:171,5,0,0
BRDA:171,5,1,0
BRDA:176,6,0,0
BRDA:176,6,1,0
BRDA:181,7,0,0
BRDA:181,7,1,0
BRDA:181,8,0,0
BRDA:181,8,1,0
BRDA:185,9,0,0
BRDA:185,9,1,0
BRDA:185,10,0,0
BRDA:185,10,1,0
BRDA:213,11,0,0
BRDA:213,11,1,0
BRDA:221,12,0,0
BRDA:221,12,1,0
BRDA:233,13,0,0
BRDA:233,13,1,0
BRDA:245,14,0,0
BRDA:245,14,1,0
BRDA:247,15,0,0
BRDA:247,15,1,0
BRDA:258,16,0,0
BRDA:258,16,1,0
BRDA:258,17,0,0
BRDA:258,17,1,0
BRDA:265,18,0,0
BRDA:265,18,1,0
BRDA:274,19,0,0
BRDA:274,19,1,0
BRDA:296,20,0,0
BRDA:296,20,1,0
BRDA:303,21,0,0
BRDA:303,21,1,0
BRDA:316,22,0,0
BRDA:316,22,1,0
BRDA:324,23,0,0
BRDA:330,24,0,0
BRDA:330,24,1,0
BRDA:345,25,0,0
BRDA:345,25,1,0
BRDA:360,26,0,0
BRDA:360,26,1,0
BRF:52
BRH:0
end_of_record
TN:
SF:src/services/GameService.js
FN:9,(anonymous_0)
FN:33,(anonymous_1)
FN:44,(anonymous_2)
FN:52,(anonymous_3)
FN:68,(anonymous_4)
FN:125,(anonymous_5)
FN:126,(anonymous_6)
FN:134,(anonymous_7)
FN:165,(anonymous_8)
FN:196,(anonymous_9)
FN:227,(anonymous_10)
FN:264,(anonymous_11)
FN:306,(anonymous_12)
FN:346,(anonymous_13)
FN:364,(anonymous_14)
FN:382,(anonymous_15)
FN:399,(anonymous_16)
FN:415,(anonymous_17)
FN:419,(anonymous_18)
FN:425,(anonymous_19)
FN:435,(anonymous_20)
FN:453,(anonymous_21)
FN:465,(anonymous_22)
FN:503,(anonymous_23)
FN:552,(anonymous_24)
FN:565,(anonymous_25)
FN:603,(anonymous_26)
FN:626,(anonymous_27)
FN:630,(anonymous_28)
FN:646,(anonymous_29)
FN:656,(anonymous_30)
FN:661,(anonymous_31)
FN:665,(anonymous_32)
FN:669,(anonymous_33)
FN:673,(anonymous_34)
FN:677,(anonymous_35)
FN:688,(anonymous_36)
FN:716,(anonymous_37)
FN:724,(anonymous_38)
FN:738,(anonymous_39)
FN:780,(anonymous_40)
FN:819,(anonymous_41)
FN:841,(anonymous_42)
FN:863,(anonymous_43)
FN:881,(anonymous_44)
FN:891,(anonymous_45)
FN:895,(anonymous_46)
FN:899,(anonymous_47)
FN:903,(anonymous_48)
FN:907,(anonymous_49)
FN:911,(anonymous_50)
FN:915,(anonymous_51)
FN:919,(anonymous_52)
FN:923,(anonymous_53)
FN:927,(anonymous_54)
FN:931,(anonymous_55)
FN:935,(anonymous_56)
FN:939,(anonymous_57)
FN:943,(anonymous_58)
FN:947,(anonymous_59)
FN:952,(anonymous_60)
FN:956,(anonymous_61)
FN:960,(anonymous_62)
FN:964,(anonymous_63)
FN:968,(anonymous_64)
FN:972,(anonymous_65)
FN:976,(anonymous_66)
FN:980,(anonymous_67)
FN:984,(anonymous_68)
FN:988,(anonymous_69)
FN:992,(anonymous_70)
FN:996,(anonymous_71)
FN:1000,(anonymous_72)
FN:1004,(anonymous_73)
FN:1009,(anonymous_74)
FN:1037,(anonymous_75)
FNF:76
FNH:11
FNDA:10,(anonymous_0)
FNDA:5,(anonymous_1)
FNDA:0,(anonymous_2)
FNDA:0,(anonymous_3)
FNDA:0,(anonymous_4)
FNDA:0,(anonymous_5)
FNDA:0,(anonymous_6)
FNDA:0,(anonymous_7)
FNDA:5,(anonymous_8)
FNDA:4,(anonymous_9)
FNDA:1,(anonymous_10)
FNDA:1,(anonymous_11)
FNDA:0,(anonymous_12)
FNDA:0,(anonymous_13)
FNDA:0,(anonymous_14)
FNDA:0,(anonymous_15)
FNDA:1,(anonymous_16)
FNDA:1,(anonymous_17)
FNDA:1,(anonymous_18)
FNDA:1,(anonymous_19)
FNDA:0,(anonymous_20)
FNDA:0,(anonymous_21)
FNDA:0,(anonymous_22)
FNDA:15,(anonymous_23)
FNDA:0,(anonymous_24)
FNDA:0,(anonymous_25)
FNDA:0,(anonymous_26)
FNDA:0,(anonymous_27)
FNDA:0,(anonymous_28)
FNDA:0,(anonymous_29)
FNDA:0,(anonymous_30)
FNDA:0,(anonymous_31)
FNDA:0,(anonymous_32)
FNDA:0,(anonymous_33)
FNDA:0,(anonymous_34)
FNDA:0,(anonymous_35)
FNDA:0,(anonymous_36)
FNDA:0,(anonymous_37)
FNDA:0,(anonymous_38)
FNDA:0,(anonymous_39)
FNDA:0,(anonymous_40)
FNDA:0,(anonymous_41)
FNDA:0,(anonymous_42)
FNDA:0,(anonymous_43)
FNDA:0,(anonymous_44)
FNDA:0,(anonymous_45)
FNDA:0,(anonymous_46)
FNDA:0,(anonymous_47)
FNDA:0,(anonymous_48)
FNDA:0,(anonymous_49)
FNDA:0,(anonymous_50)
FNDA:0,(anonymous_51)
FNDA:0,(anonymous_52)
FNDA:0,(anonymous_53)
FNDA:0,(anonymous_54)
FNDA:0,(anonymous_55)
FNDA:0,(anonymous_56)
FNDA:0,(anonymous_57)
FNDA:0,(anonymous_58)
FNDA:0,(anonymous_59)
FNDA:0,(anonymous_60)
FNDA:0,(anonymous_61)
FNDA:0,(anonymous_62)
FNDA:0,(anonymous_63)
FNDA:0,(anonymous_64)
FNDA:0,(anonymous_65)
FNDA:0,(anonymous_66)
FNDA:0,(anonymous_67)
FNDA:0,(anonymous_68)
FNDA:0,(anonymous_69)
FNDA:0,(anonymous_70)
FNDA:0,(anonymous_71)
FNDA:0,(anonymous_72)
FNDA:0,(anonymous_73)
FNDA:0,(anonymous_74)
FNDA:0,(anonymous_75)
DA:1,1
DA:2,1
DA:3,1
DA:4,1
DA:5,1
DA:6,1
DA:10,10
DA:11,10
DA:12,10
DA:13,10
DA:14,10
DA:15,10
DA:16,10
DA:17,10
DA:18,10
DA:21,10
DA:22,10
DA:25,10
DA:26,10
DA:27,10
DA:28,10
DA:29,10
DA:34,5
DA:35,5
DA:37,5
DA:44,5
DA:45,0
DA:48,5
DA:53,0
DA:55,0
DA:56,0
DA:59,0
DA:60,0
DA:61,0
DA:64,0
DA:69,0
DA:70,0
DA:71,0
DA:73,0
DA:74,0
DA:77,0
DA:78,0
DA:79,0
DA:82,0
DA:83,0
DA:84,0
DA:88,0
DA:89,0
DA:92,0
DA:95,0
DA:96,0
DA:99,0
DA:100,0
DA:101,0
DA:102,0
DA:106,0
DA:112,0
DA:117,0
DA:120,0
DA:126,0
DA:127,0
DA:130,0
DA:135,0
DA:136,0
DA:138,0
DA:139,0
DA:141,0
DA:144,0
DA:147,0
DA:154,0
DA:155,0
DA:156,0
DA:159,0
DA:160,0
DA:166,5
DA:167,5
DA:170,5
DA:171,0
DA:172,0
DA:176,5
DA:177,0
DA:181,5
DA:182,0
DA:183,0
DA:184,0
DA:185,0
DA:186,0
DA:187,0
DA:192,5
DA:197,4
DA:198,4
DA:199,4
DA:200,4
DA:203,4
DA:204,4
DA:207,4
DA:208,4
DA:211,4
DA:214,4
DA:220,4
DA:222,0
DA:228,1
DA:229,1
DA:230,1
DA:232,1
DA:233,0
DA:236,1
DA:237,1
DA:240,1
DA:243,1
DA:246,1
DA:253,1
DA:257,1
DA:259,0
DA:265,1
DA:266,1
DA:267,1
DA:269,1
DA:270,1
DA:273,0
DA:274,0
DA:276,0
DA:277,0
DA:281,0
DA:283,0
DA:284,0
DA:289,0
DA:293,0
DA:294,0
DA:300,0
DA:303,0
DA:306,0
DA:307,0
DA:308,0
DA:312,0
DA:321,0
DA:322,0
DA:330,0
DA:337,0
DA:338,0
DA:340,0
DA:346,0
DA:357,0
DA:359,1
DA:365,0
DA:366,0
DA:368,0
DA:369,0
DA:372,0
DA:373,0
DA:375,0
DA:376,0
DA:379,0
DA:382,0
DA:383,0
DA:384,0
DA:387,0
DA:392,0
DA:394,0
DA:400,1
DA:401,1
DA:402,1
DA:404,1
DA:405,0
DA:408,1
DA:409,1
DA:411,1
DA:412,0
DA:415,1
DA:416,1
DA:419,1
DA:420,1
DA:421,1
DA:425,1
DA:426,1
DA:427,0
DA:430,0
DA:436,0
DA:437,0
DA:439,0
DA:440,0
DA:443,0
DA:444,0
DA:446,0
DA:447,0
DA:450,0
DA:453,0
DA:454,0
DA:455,0
DA:458,0
DA:460,0
DA:466,0
DA:467,0
DA:469,0
DA:470,0
DA:473,0
DA:474,0
DA:476,0
DA:477,0
DA:481,0
DA:483,0
DA:498,0
DA:504,15
DA:506,15
DA:507,5
DA:508,5
DA:510,5
DA:511,5
DA:513,5
DA:515,5
DA:522,5
DA:525,5
DA:526,0
DA:530,5
DA:531,5
DA:534,5
DA:540,5
DA:543,5
DA:547,5
DA:553,0
DA:555,0
DA:556,0
DA:557,0
DA:561,0
DA:566,0
DA:580,0
DA:581,0
DA:582,0
DA:584,0
DA:586,0
DA:587,0
DA:589,0
DA:590,0
DA:592,0
DA:593,0
DA:596,0
DA:599,0
DA:604,0
DA:606,0
DA:608,0
DA:609,0
DA:626,0
DA:631,0
DA:632,0
DA:634,0
DA:646,0
DA:657,0
DA:658,0
DA:660,0
DA:661,0
DA:664,0
DA:665,0
DA:668,0
DA:669,0
DA:672,0
DA:673,0
DA:676,0
DA:677,0
DA:678,0
DA:682,0
DA:689,0
DA:692,0
DA:693,0
DA:694,0
DA:696,0
DA:707,0
DA:710,0
DA:711,0
DA:713,0
DA:716,0
DA:717,0
DA:720,0
DA:725,0
DA:727,0
DA:728,0
DA:729,0
DA:730,0
DA:734,0
DA:739,0
DA:741,0
DA:742,0
DA:745,0
DA:746,0
DA:749,0
DA:750,0
DA:751,0
DA:754,0
DA:755,0
DA:758,0
DA:759,0
DA:760,0
DA:761,0
DA:764,0
DA:765,0
DA:768,0
DA:769,0
DA:772,0
DA:781,0
DA:783,0
DA:784,0
DA:787,0
DA:789,0
DA:791,0
DA:792,0
DA:793,0
DA:796,0
DA:799,0
DA:800,0
DA:804,0
DA:806,0
DA:814,0
DA:820,0
DA:821,0
DA:823,0
DA:824,0
DA:825,0
DA:826,0
DA:837,0
DA:842,0
DA:844,0
DA:845,0
DA:849,0
DA:850,0
DA:851,0
DA:852,0
DA:853,0
DA:857,0
DA:859,0
DA:864,0
DA:865,0
DA:867,0
DA:868,0
DA:869,0
DA:870,0
DA:871,0
DA:876,0
DA:882,0
DA:883,0
DA:885,0
DA:886,0
DA:887,0
DA:891,0
DA:896,0
DA:900,0
DA:904,0
DA:908,0
DA:912,0
DA:916,0
DA:920,0
DA:924,0
DA:928,0
DA:932,0
DA:936,0
DA:940,0
DA:944,0
DA:948,0
DA:953,0
DA:957,0
DA:961,0
DA:965,0
DA:969,0
DA:973,0
DA:977,0
DA:981,0
DA:985,0
DA:989,0
DA:993,0
DA:997,0
DA:1001,0
DA:1005,0
DA:1010,0
DA:1011,0
DA:1013,0
DA:1014,0
DA:1017,0
DA:1018,0
DA:1020,0
DA:1021,0
DA:1024,0
DA:1025,0
DA:1027,0
DA:1032,0
DA:1038,0
DA:1039,0
DA:1040,0
DA:1043,0
DA:1044,0
DA:1045,0
DA:1046,0
DA:1047,0
DA:1048,0
DA:1049,0
DA:1050,0
DA:1053,0
DA:1060,0
DA:1061,0
DA:1067,0
DA:1068,0
DA:1069,0
DA:1074,0
DA:1075,0
DA:1076,0
DA:1077,0
DA:1081,0
DA:1082,0
DA:1083,0
DA:1087,0
DA:1088,0
DA:1094,1
LF:409
LH:92
BRDA:26,0,0,10
BRDA:26,0,1,0
BRDA:27,1,0,10
BRDA:27,1,1,0
BRDA:28,2,0,10
BRDA:28,2,1,0
BRDA:55,3,0,0
BRDA:55,3,1,0
BRDA:55,4,0,0
BRDA:55,4,1,0
BRDA:59,5,0,0
BRDA:59,5,1,0
BRDA:73,6,0,0
BRDA:73,6,1,0
BRDA:78,7,0,0
BRDA:78,7,1,0
BRDA:83,8,0,0
BRDA:83,8,1,0
BRDA:100,9,0,0
BRDA:100,9,1,0
BRDA:136,10,0,0
BRDA:136,10,1,0
BRDA:139,11,0,0
BRDA:139,11,1,0
BRDA:159,12,0,0
BRDA:159,12,1,0
BRDA:167,13,0,0
BRDA:167,13,1,5
BRDA:170,14,0,0
BRDA:170,14,1,5
BRDA:170,15,0,5
BRDA:170,15,1,3
BRDA:176,16,0,0
BRDA:176,16,1,5
BRDA:176,17,0,5
BRDA:176,17,1,0
BRDA:181,18,0,0
BRDA:181,18,1,5
BRDA:181,19,0,5
BRDA:181,19,1,0
BRDA:183,20,0,0
BRDA:183,20,1,0
BRDA:185,21,0,0
BRDA:185,21,1,0
BRDA:198,22,0,0
BRDA:198,23,0,4
BRDA:232,24,0,0
BRDA:232,24,1,1
BRDA:269,25,0,1
BRDA:269,25,1,0
BRDA:276,26,0,0
BRDA:276,26,1,0
BRDA:283,27,0,0
BRDA:283,27,1,0
BRDA:293,28,0,0
BRDA:293,28,1,0
BRDA:303,29,0,0
BRDA:303,29,1,0
BRDA:321,30,0,0
BRDA:321,30,1,0
BRDA:337,31,0,0
BRDA:337,31,1,0
BRDA:341,32,0,0
BRDA:341,32,1,0
BRDA:342,33,0,0
BRDA:342,33,1,0
BRDA:349,34,0,0
BRDA:349,34,1,0
BRDA:349,35,0,0
BRDA:349,35,1,0
BRDA:368,36,0,0
BRDA:368,36,1,0
BRDA:375,37,0,0
BRDA:375,37,1,0
BRDA:404,38,0,0
BRDA:404,38,1,1
BRDA:411,39,0,0
BRDA:411,39,1,1
BRDA:426,40,0,0
BRDA:426,40,1,1
BRDA:426,41,0,1
BRDA:426,41,1,1
BRDA:439,42,0,0
BRDA:439,42,1,0
BRDA:446,43,0,0
BRDA:446,43,1,0
BRDA:469,44,0,0
BRDA:469,44,1,0
BRDA:476,45,0,0
BRDA:476,45,1,0
BRDA:506,46,0,5
BRDA:506,46,1,10
BRDA:510,47,0,5
BRDA:510,47,1,0
BRDA:513,48,0,5
BRDA:513,48,1,0
BRDA:525,49,0,0
BRDA:525,49,1,5
BRDA:556,50,0,0
BRDA:556,50,1,0
BRDA:584,51,0,0
BRDA:584,51,1,0
BRDA:584,51,2,0
BRDA:608,52,0,0
BRDA:608,52,1,0
BRDA:608,53,0,0
BRDA:608,53,1,0
BRDA:611,54,0,0
BRDA:611,54,1,0
BRDA:617,55,0,0
BRDA:617,55,1,0
BRDA:618,56,0,0
BRDA:618,56,1,0
BRDA:619,57,0,0
BRDA:619,57,1,0
BRDA:620,58,0,0
BRDA:620,58,1,0
BRDA:632,59,0,0
BRDA:632,59,1,0
BRDA:636,60,0,0
BRDA:636,60,1,0
BRDA:642,61,0,0
BRDA:642,61,1,0
BRDA:643,62,0,0
BRDA:643,62,1,0
BRDA:644,63,0,0
BRDA:644,63,1,0
BRDA:645,64,0,0
BRDA:645,64,1,0
BRDA:656,65,0,0
BRDA:660,66,0,0
BRDA:660,66,1,0
BRDA:664,67,0,0
BRDA:664,67,1,0
BRDA:668,68,0,0
BRDA:668,68,1,0
BRDA:672,69,0,0
BRDA:672,69,1,0
BRDA:676,70,0,0
BRDA:676,70,1,0
BRDA:688,71,0,0
BRDA:689,72,0,0
BRDA:689,73,0,0
BRDA:710,74,0,0
BRDA:710,74,1,0
BRDA:741,75,0,0
BRDA:741,75,1,0
BRDA:745,76,0,0
BRDA:745,76,1,0
BRDA:749,77,0,0
BRDA:749,77,1,0
BRDA:754,78,0,0
BRDA:754,78,1,0
BRDA:759,79,0,0
BRDA:759,79,1,0
BRDA:764,80,0,0
BRDA:764,80,1,0
BRDA:768,81,0,0
BRDA:768,81,1,0
BRDA:783,82,0,0
BRDA:783,82,1,0
BRDA:799,83,0,0
BRDA:799,83,1,0
BRDA:820,84,0,0
BRDA:820,84,1,0
BRDA:825,85,0,0
BRDA:825,85,1,0
BRDA:825,86,0,0
BRDA:825,86,1,0
BRDA:844,87,0,0
BRDA:844,87,1,0
BRDA:850,88,0,0
BRDA:850,88,1,0
BRDA:850,89,0,0
BRDA:850,89,1,0
BRDA:852,90,0,0
BRDA:852,90,1,0
BRDA:852,91,0,0
BRDA:852,91,1,0
BRDA:865,92,0,0
BRDA:865,92,1,0
BRDA:868,93,0,0
BRDA:868,93,1,0
BRDA:870,94,0,0
BRDA:870,94,1,0
BRDA:886,95,0,0
BRDA:886,95,1,0
BRDA:907,96,0,0
BRDA:952,97,0,0
BRDA:956,98,0,0
BRDA:968,99,0,0
BRDA:976,100,0,0
BRDA:988,101,0,0
BRDA:1013,102,0,0
BRDA:1013,102,1,0
BRDA:1020,103,0,0
BRDA:1020,103,1,0
BRDA:1044,104,0,0
BRDA:1044,104,1,0
BRDA:1046,105,0,0
BRDA:1046,105,1,0
BRDA:1048,106,0,0
BRDA:1048,106,1,0
BRDA:1048,107,0,0
BRDA:1048,107,1,0
BRDA:1060,108,0,0
BRDA:1060,108,1,0
BRDA:1075,109,0,0
BRDA:1075,109,1,0
BRDA:1075,110,0,0
BRDA:1075,110,1,0
BRDA:1075,110,2,0
BRDA:1081,111,0,0
BRDA:1081,111,1,0
BRDA:1081,112,0,0
BRDA:1081,112,1,0
BRDA:1087,113,0,0
BRDA:1087,113,1,0
BRF:218
BRH:24
end_of_record
TN:
SF:src/services/ValidationService.js
FN:2,(anonymous_0)
FN:18,(anonymous_1)
FN:30,(anonymous_2)
FN:93,(anonymous_3)
FN:125,(anonymous_4)
FN:158,(anonymous_5)
FN:171,(anonymous_6)
FN:220,(anonymous_7)
FN:232,(anonymous_8)
FN:233,(anonymous_9)
FN:237,(anonymous_10)
FN:241,(anonymous_11)
FN:247,(anonymous_12)
FN:248,(anonymous_13)
FN:257,(anonymous_14)
FN:274,(anonymous_15)
FN:275,(anonymous_16)
FN:283,(anonymous_17)
FN:296,(anonymous_18)
FNF:19
FNH:1
FNDA:10,(anonymous_0)
FNDA:0,(anonymous_1)
FNDA:0,(anonymous_2)
FNDA:0,(anonymous_3)
FNDA:0,(anonymous_4)
FNDA:0,(anonymous_5)
FNDA:0,(anonymous_6)
FNDA:0,(anonymous_7)
FNDA:0,(anonymous_8)
FNDA:0,(anonymous_9)
FNDA:0,(anonymous_10)
FNDA:0,(anonymous_11)
FNDA:0,(anonymous_12)
FNDA:0,(anonymous_13)
FNDA:0,(anonymous_14)
FNDA:0,(anonymous_15)
FNDA:0,(anonymous_16)
FNDA:0,(anonymous_17)
FNDA:0,(anonymous_18)
DA:3,10
DA:19,0
DA:28,0
DA:30,0
DA:31,0
DA:32,0
DA:33,0
DA:34,0
DA:38,0
DA:39,0
DA:40,0
DA:41,0
DA:42,0
DA:46,0
DA:47,0
DA:48,0
DA:51,0
DA:52,0
DA:53,0
DA:54,0
DA:55,0
DA:59,0
DA:60,0
DA:61,0
DA:62,0
DA:63,0
DA:67,0
DA:68,0
DA:69,0
DA:70,0
DA:71,0
DA:75,0
DA:76,0
DA:77,0
DA:81,0
DA:82,0
DA:85,0
DA:86,0
DA:89,0
DA:94,0
DA:97,0
DA:98,0
DA:99,0
DA:103,0
DA:104,0
DA:105,0
DA:109,0
DA:110,0
DA:111,0
DA:115,0
DA:116,0
DA:117,0
DA:118,0
DA:121,0
DA:126,0
DA:128,0
DA:130,0
DA:131,0
DA:132,0
DA:133,0
DA:136,0
DA:137,0
DA:138,0
DA:139,0
DA:143,0
DA:144,0
DA:145,0
DA:149,0
DA:150,0
DA:151,0
DA:154,0
DA:159,0
DA:162,0
DA:163,0
DA:164,0
DA:167,0
DA:172,0
DA:174,0
DA:175,0
DA:178,0
DA:180,0
DA:181,0
DA:182,0
DA:184,0
DA:186,0
DA:188,0
DA:189,0
DA:190,0
DA:192,0
DA:194,0
DA:196,0
DA:197,0
DA:198,0
DA:200,0
DA:203,0
DA:204,0
DA:205,0
DA:206,0
DA:210,0
DA:212,0
DA:213,0
DA:216,0
DA:221,0
DA:223,0
DA:224,0
DA:225,0
DA:228,0
DA:233,0
DA:234,0
DA:236,0
DA:237,0
DA:242,0
DA:243,0
DA:248,0
DA:249,0
DA:251,0
DA:252,0
DA:253,0
DA:255,0
DA:257,0
DA:275,0
DA:276,0
DA:279,0
DA:284,0
DA:296,0
DA:297,0
DA:298,0
DA:300,0
DA:301,0
DA:305,0
DA:309,1
LF:131
LH:2
BRDA:18,0,0,0
BRDA:31,1,0,0
BRDA:31,1,1,0
BRDA:39,2,0,0
BRDA:39,2,1,0
BRDA:52,3,0,0
BRDA:52,3,1,0
BRDA:60,4,0,0
BRDA:60,4,1,0
BRDA:68,5,0,0
BRDA:68,5,1,0
BRDA:76,6,0,0
BRDA:76,6,1,0
BRDA:97,7,0,0
BRDA:97,7,1,0
BRDA:103,8,0,0
BRDA:103,8,1,0
BRDA:109,9,0,0
BRDA:109,9,1,0
BRDA:116,10,0,0
BRDA:116,10,1,0
BRDA:116,11,0,0
BRDA:116,11,1,0
BRDA:130,12,0,0
BRDA:130,12,1,0
BRDA:136,13,0,0
BRDA:136,13,1,0
BRDA:144,14,0,0
BRDA:144,14,1,0
BRDA:150,15,0,0
BRDA:150,15,1,0
BRDA:162,16,0,0
BRDA:162,16,1,0
BRDA:178,17,0,0
BRDA:178,17,1,0
BRDA:178,17,2,0
BRDA:178,17,3,0
BRDA:180,18,0,0
BRDA:180,18,1,0
BRDA:188,19,0,0
BRDA:188,19,1,0
BRDA:196,20,0,0
BRDA:196,20,1,0
BRDA:203,21,0,0
BRDA:203,21,1,0
BRDA:203,22,0,0
BRDA:203,22,1,0
BRDA:203,22,2,0
BRDA:205,23,0,0
BRDA:205,23,1,0
BRDA:223,24,0,0
BRDA:223,24,1,0
BRDA:234,25,0,0
BRDA:234,25,1,0
BRDA:249,26,0,0
BRDA:249,26,1,0
BRDA:266,27,0,0
BRDA:266,27,1,0
BRDA:269,28,0,0
BRDA:269,28,1,0
BRDA:276,29,0,0
BRDA:276,29,1,0
BRDA:279,30,0,0
BRDA:279,30,1,0
BRDA:288,31,0,0
BRDA:288,31,1,0
BRDA:291,32,0,0
BRDA:291,32,1,0
BRDA:297,33,0,0
BRDA:297,33,1,0
BRDA:300,34,0,0
BRDA:300,34,1,0
BRF:72
BRH:0
end_of_record
